<?xml version='1.0' encoding='UTF-8' ?>
<testsuite name="ai.eliza.plugins.websiteblocker.WebsiteBlockerStateStoreInstrumentedTest" tests="4" failures="0" errors="0" skipped="0" time="1.304" timestamp="2026-06-30T08:34:55" hostname="localhost">
  <properties>
    <property name="device" value="Pixel 6a - 16" />
    <property name="flavor" value="" />
    <property name="project" value=":elizaos-capacitor-websiteblocker" />
  </properties>
  <testcase name="showcaseActivityRendersPersistedPolicy" classname="ai.eliza.plugins.websiteblocker.WebsiteBlockerStateStoreInstrumentedTest" time="0.663" />
  <testcase name="dnsCodecParsesQueryAndBuildsBlockedUdpResponseOnDevice" classname="ai.eliza.plugins.websiteblocker.WebsiteBlockerStateStoreInstrumentedTest" time="0.0" />
  <testcase name="elapsedBlockExpiresAndClearsDeviceState" classname="ai.eliza.plugins.websiteblocker.WebsiteBlockerStateStoreInstrumentedTest" time="0.011" />
  <testcase name="saveLoadAndBlockDecisionUseDeviceSharedPreferences" classname="ai.eliza.plugins.websiteblocker.WebsiteBlockerStateStoreInstrumentedTest" time="0.024" />
</testsuite>