<?xml version='1.0' encoding='UTF-8' ?>
<testsuite name="ai.eliza.plugins.phone.PhoneStatusInstrumentedTest" tests="3" failures="0" errors="0" skipped="0" time="0.508" timestamp="2026-06-30T07:50:16" hostname="localhost">
  <properties>
    <property name="device" value="Pixel 6a - 16" />
    <property name="flavor" value="" />
    <property name="project" value=":phone" />
  </properties>
  <testcase name="read_reportsTelecomAndDialerStateShape" classname="ai.eliza.plugins.phone.PhoneStatusInstrumentedTest" time="0.015" />
  <testcase name="read_defaultDialerIsAConcreteSystemPackage" classname="ai.eliza.plugins.phone.PhoneStatusInstrumentedTest" time="0.001" />
  <testcase name="read_isDefaultDialerFalseForTestApkAndConsistent" classname="ai.eliza.plugins.phone.PhoneStatusInstrumentedTest" time="0.001" />
</testsuite>