<?xml version='1.0' encoding='UTF-8' ?>
<testsuite name="ai.eliza.plugins.talkmode.ElevenLabsPayloadInstrumentedTest" tests="5" failures="0" errors="0" skipped="0" time="0.507" timestamp="2026-06-30T08:44:04" hostname="localhost">
  <properties>
    <property name="device" value="Pixel 6a - 16" />
    <property name="flavor" value="" />
    <property name="project" value=":talkmode" />
  </properties>
  <testcase name="buildRequestPayload_escapingRoundTripsThroughTheJsonParser" classname="ai.eliza.plugins.talkmode.ElevenLabsPayloadInstrumentedTest" time="0.014" />
  <testcase name="buildRequestPayload_minimalRequestIsJustText" classname="ai.eliza.plugins.talkmode.ElevenLabsPayloadInstrumentedTest" time="0.001" />
  <testcase name="buildRequestPayload_omitsVoiceSettingsWhenNoVoiceFieldsAreSet" classname="ai.eliza.plugins.talkmode.ElevenLabsPayloadInstrumentedTest" time="0.001" />
  <testcase name="buildRequestPayload_nestsVoiceSettingsWithOnlyTheProvidedFields" classname="ai.eliza.plugins.talkmode.ElevenLabsPayloadInstrumentedTest" time="0.001" />
  <testcase name="resolveAcceptHeader_pcmGetsPcmEverythingElseMpeg" classname="ai.eliza.plugins.talkmode.ElevenLabsPayloadInstrumentedTest" time="0.001" />
</testsuite>