<?xml version='1.0' encoding='UTF-8' ?>
<testsuite name="ai.eliza.plugins.appblocker.AppBlockerStateStoreInstrumentedTest" tests="5" failures="0" errors="0" skipped="0" time="0.567" timestamp="2026-06-30T08:16:23" hostname="localhost">
  <properties>
    <property name="device" value="Pixel 6a - 16" />
    <property name="flavor" value="" />
    <property name="project" value=":appblocker" />
  </properties>
  <testcase name="isBlocked_reflectsTheSavedSetThenClears" classname="ai.eliza.plugins.appblocker.AppBlockerStateStoreInstrumentedTest" time="0.021" />
  <testcase name="load_returnsNullWhenNothingSaved" classname="ai.eliza.plugins.appblocker.AppBlockerStateStoreInstrumentedTest" time="0.003" />
  <testcase name="load_returnsNullAndClearsWhenExpired" classname="ai.eliza.plugins.appblocker.AppBlockerStateStoreInstrumentedTest" time="0.002" />
  <testcase name="saveThenLoad_roundTripsSortedPackagesAndExpiry" classname="ai.eliza.plugins.appblocker.AppBlockerStateStoreInstrumentedTest" time="0.002" />
  <testcase name="save_withNoExpiry_persistsIndefiniteBlock" classname="ai.eliza.plugins.appblocker.AppBlockerStateStoreInstrumentedTest" time="0.002" />
</testsuite>