<?xml version='1.0' encoding='UTF-8' ?>
<testsuite name="ai.eliza.plugins.wifi.WiFiStateReaderInstrumentedTest" tests="3" failures="0" errors="0" skipped="0" time="0.561" timestamp="2026-06-30T08:00:19" hostname="localhost">
  <properties>
    <property name="device" value="Pixel 6a - 16" />
    <property name="flavor" value="" />
    <property name="project" value=":wifi" />
  </properties>
  <testcase name="trimQuotes_stripsWifiInfoSsidQuoting" classname="ai.eliza.plugins.wifi.WiFiStateReaderInstrumentedTest" time="0.025" />
  <testcase name="isSecured_classifiesRealScanCapabilityStrings" classname="ai.eliza.plugins.wifi.WiFiStateReaderInstrumentedTest" time="0.002" />
  <testcase name="readWifiState_reflectsLiveRadioState" classname="ai.eliza.plugins.wifi.WiFiStateReaderInstrumentedTest" time="0.003" />
</testsuite>