<?xml version='1.0' encoding='UTF-8' ?>
<testsuite name="ai.eliza.plugins.gateway.GatewayDiscoveryInstrumentedTest" tests="3" failures="0" errors="0" skipped="0" time="0.567" timestamp="2026-06-30T08:52:25" hostname="localhost">
  <properties>
    <property name="device" value="Pixel 6a - 16" />
    <property name="flavor" value="" />
    <property name="project" value=":gateway" />
  </properties>
  <testcase name="buildDiscoveryResult_statusReflectsTheDiscoveryFlag" classname="ai.eliza.plugins.gateway.GatewayDiscoveryInstrumentedTest" time="0.025" />
  <testcase name="buildDiscoveryResult_emptyDiscoverySetYieldsEmptyArray" classname="ai.eliza.plugins.gateway.GatewayDiscoveryInstrumentedTest" time="0.003" />
  <testcase name="buildDiscoveryResult_sortsGatewaysByNameCaseInsensitively" classname="ai.eliza.plugins.gateway.GatewayDiscoveryInstrumentedTest" time="0.003" />
</testsuite>