<?xml version='1.0' encoding='UTF-8' ?>
<testsuite name="ai.elizaos.plugins.bunruntime.AgentServiceLocatorInstrumentedTest" tests="4" failures="0" errors="0" skipped="0" time="0.73" timestamp="2026-06-30T09:02:15" hostname="localhost">
  <properties>
    <property name="device" value="Pixel 6a - 16" />
    <property name="flavor" value="" />
    <property name="project" value=":bunruntime" />
  </properties>
  <testcase name="selects_ownPackageServiceWhoseNameEndsInElizaAgentService" classname="ai.elizaos.plugins.bunruntime.AgentServiceLocatorInstrumentedTest" time="0.025" />
  <testcase name="ignores_aSameNamedServiceInADifferentPackage" classname="ai.elizaos.plugins.bunruntime.AgentServiceLocatorInstrumentedTest" time="0.004" />
  <testcase name="returnsNull_whenThereAreNoServices" classname="ai.elizaos.plugins.bunruntime.AgentServiceLocatorInstrumentedTest" time="0.002" />
  <testcase name="ignores_ownPackageServiceWithADifferentName" classname="ai.elizaos.plugins.bunruntime.AgentServiceLocatorInstrumentedTest" time="0.002" />
</testsuite>