<?xml version='1.0' encoding='UTF-8' ?>
<testsuite name="ai.eliza.plugins.wifi.WifiStateInstrumentedTest" tests="4" failures="0" errors="0" skipped="0" time="0.683" timestamp="2026-06-30T07:41:56" hostname="localhost">
  <properties>
    <property name="device" value="Pixel 6a - 16" />
    <property name="flavor" value="" />
    <property name="project" value=":wifi" />
  </properties>
  <testcase name="read_returnsStateWithRequiredKeysFromRealWifiManager" classname="ai.eliza.plugins.wifi.WifiStateInstrumentedTest" time="0.026" />
  <testcase name="trimQuotes_stripsWifiInfoSsidQuoting" classname="ai.eliza.plugins.wifi.WifiStateInstrumentedTest" time="0.001" />
  <testcase name="isSecured_classifiesRealScanCapabilityStrings" classname="ai.eliza.plugins.wifi.WifiStateInstrumentedTest" time="0.003" />
  <testcase name="read_connectedImpliesIntegerRssi" classname="ai.eliza.plugins.wifi.WifiStateInstrumentedTest" time="0.001" />
</testsuite>