<?xml version='1.0' encoding='UTF-8' ?>
<testsuite name="ai.eliza.plugins.canvas.CanvasPathInstrumentedTest" tests="5" failures="0" errors="0" skipped="0" time="0.503" timestamp="2026-06-30T08:57:26" hostname="localhost">
  <properties>
    <property name="device" value="Pixel 6a - 16" />
    <property name="flavor" value="" />
    <property name="project" value=":canvas" />
  </properties>
  <testcase name="buildPath_rectAddsXYWidthHeightRectangle" classname="ai.eliza.plugins.canvas.CanvasPathInstrumentedTest" time="0.016" />
  <testcase name="buildPath_moveToLineToProducesTheLineBounds" classname="ai.eliza.plugins.canvas.CanvasPathInstrumentedTest" time="0.001" />
  <testcase name="buildPath_emptyCommandsYieldAnEmptyPath" classname="ai.eliza.plugins.canvas.CanvasPathInstrumentedTest" time="0.001" />
  <testcase name="buildPath_bezierBoundsSpanTheControlPoints" classname="ai.eliza.plugins.canvas.CanvasPathInstrumentedTest" time="0.003" />
  <testcase name="buildPath_skipsUnknownAndUnderspecifiedCommandsWithoutThrowing" classname="ai.eliza.plugins.canvas.CanvasPathInstrumentedTest" time="0.001" />
</testsuite>