<?xml version='1.0' encoding='UTF-8' ?>
<testsuite name="ai.eliza.plugins.swabble.SwabbleConfigInstrumentedTest" tests="4" failures="0" errors="0" skipped="0" time="0.525" timestamp="2026-06-30T08:48:16" hostname="localhost">
  <properties>
    <property name="device" value="Pixel 6a - 16" />
    <property name="flavor" value="" />
    <property name="project" value=":swabble" />
  </properties>
  <testcase name="fromJSObject_readsEveryProvidedField" classname="ai.eliza.plugins.swabble.SwabbleConfigInstrumentedTest" time="0.025" />
  <testcase name="fromJSObject_appliesDefaultsForEveryMissingField" classname="ai.eliza.plugins.swabble.SwabbleConfigInstrumentedTest" time="0.001" />
  <testcase name="toJSObject_roundTripsBackThroughFromJSObject" classname="ai.eliza.plugins.swabble.SwabbleConfigInstrumentedTest" time="0.003" />
  <testcase name="speechSegment_endIsStartPlusDuration" classname="ai.eliza.plugins.swabble.SwabbleConfigInstrumentedTest" time="0.001" />
</testsuite>