<?xml version='1.0' encoding='UTF-8' ?>
<testsuite name="ai.eliza.plugins.screencapture.RecordingConfigResolverInstrumentedTest" tests="6" failures="0" errors="0" skipped="0" time="0.536" timestamp="2026-06-30T08:29:49" hostname="localhost">
  <properties>
    <property name="device" value="Pixel 6a - 16" />
    <property name="flavor" value="" />
    <property name="project" value=":screencapture" />
  </properties>
  <testcase name="estimateBitrate_clampsToOneToTwelveMbps" classname="ai.eliza.plugins.screencapture.RecordingConfigResolverInstrumentedTest" time="0.015" />
  <testcase name="resolve_highestPresetIs60fpsAtDoubleTheEstimate" classname="ai.eliza.plugins.screencapture.RecordingConfigResolverInstrumentedTest" time="0.001" />
  <testcase name="resolve_explicitOverridesWinAndFpsClampsTo1To60" classname="ai.eliza.plugins.screencapture.RecordingConfigResolverInstrumentedTest" time="0.001" />
  <testcase name="resolve_lowPresetIs15fpsAtHalfTheEstimate" classname="ai.eliza.plugins.screencapture.RecordingConfigResolverInstrumentedTest" time="0.001" />
  <testcase name="resolve_passesThroughDurationFileSizeAndAudioFlags" classname="ai.eliza.plugins.screencapture.RecordingConfigResolverInstrumentedTest" time="0.001" />
  <testcase name="resolve_mediumHighUnknownLeaveBitrateForDownstreamEstimate" classname="ai.eliza.plugins.screencapture.RecordingConfigResolverInstrumentedTest" time="0.001" />
</testsuite>