<?xml version='1.0' encoding='UTF-8' ?>
<testsuite name="ai.eliza.plugins.networkpolicy.NetworkPolicyReaderInstrumentedTest" tests="2" failures="0" errors="0" skipped="0" time="0.546" timestamp="2026-06-30T08:23:17" hostname="localhost">
  <properties>
    <property name="device" value="Pixel 6a - 16" />
    <property name="flavor" value="" />
    <property name="project" value=":networkpolicy" />
  </properties>
  <testcase name="readPathHints_returnsTheAndroidNoInfoShape" classname="ai.eliza.plugins.networkpolicy.NetworkPolicyReaderInstrumentedTest" time="0.022" />
  <testcase name="readMeteredHint_reflectsTheRealActiveNetworkCapability" classname="ai.eliza.plugins.networkpolicy.NetworkPolicyReaderInstrumentedTest" time="0.002" />
</testsuite>