<?xml version='1.0' encoding='UTF-8' ?>
<testsuite name="ai.elizaos.app.ElizaAgentWatchdogPolicyInstrumentedTest" tests="5" failures="0" errors="0" skipped="0" time="0.834" timestamp="2026-06-30T09:23:10" hostname="localhost">
  <properties>
    <property name="device" value="Pixel 6a - 16" />
    <property name="flavor" value="" />
    <property name="project" value=":app" />
  </properties>
  <testcase name="readyHealthBodyAcceptsOnlyRunningRuntime" classname="ai.elizaos.app.ElizaAgentWatchdogPolicyInstrumentedTest" time="0.023" />
  <testcase name="okProbeClearsStrikesAndResetsBackoff" classname="ai.elizaos.app.ElizaAgentWatchdogPolicyInstrumentedTest" time="0.002" />
  <testcase name="restartPolicyUsesBoundedExponentialBackoff" classname="ai.elizaos.app.ElizaAgentWatchdogPolicyInstrumentedTest" time="0.001" />
  <testcase name="deadProbeRestartsOnlyAfterConfiguredStrikeThreshold" classname="ai.elizaos.app.ElizaAgentWatchdogPolicyInstrumentedTest" time="0.002" />
  <testcase name="busyProbePreservesExistingStrikeCounter" classname="ai.elizaos.app.ElizaAgentWatchdogPolicyInstrumentedTest" time="0.002" />
</testsuite>