<?xml version='1.0' encoding='UTF-8' ?>
<testsuite name="ai.eliza.plugins.swabble.SwabbleAndroidPlatformProbeInstrumentedTest" tests="7" failures="0" errors="0" skipped="0" time="0.575" timestamp="2026-06-30T09:05:03" hostname="localhost">
  <properties>
    <property name="device" value="Pixel 6a - 16" />
    <property name="flavor" value="" />
    <property name="project" value=":elizaos-capacitor-swabble" />
  </properties>
  <testcase name="permissionResult_matchesRealMicrophoneGrantAndSpeechRecognizerAvailability" classname="ai.eliza.plugins.swabble.SwabbleAndroidPlatformProbeInstrumentedTest" time="0.022" />
  <testcase name="deviceTypeName_labelsKnownMicrophoneTypes" classname="ai.eliza.plugins.swabble.SwabbleAndroidPlatformProbeInstrumentedTest" time="0.002" />
  <testcase name="audioDevices_returnsRealAndroidInputsOrDefaultFallback" classname="ai.eliza.plugins.swabble.SwabbleAndroidPlatformProbeInstrumentedTest" time="0.002" />
  <testcase name="fromJSObject_readsEveryProvidedField" classname="ai.eliza.plugins.swabble.SwabbleConfigInstrumentedTest" time="0.004" />
  <testcase name="fromJSObject_appliesDefaultsForEveryMissingField" classname="ai.eliza.plugins.swabble.SwabbleConfigInstrumentedTest" time="0.002" />
  <testcase name="toJSObject_roundTripsBackThroughFromJSObject" classname="ai.eliza.plugins.swabble.SwabbleConfigInstrumentedTest" time="0.002" />
  <testcase name="speechSegment_endIsStartPlusDuration" classname="ai.eliza.plugins.swabble.SwabbleConfigInstrumentedTest" time="0.002" />
</testsuite>