<?xml version='1.0' encoding='UTF-8' ?>
<testsuite name="ai.eliza.plugins.contacts.ContactsReaderInstrumentedTest" tests="1" failures="0" errors="0" skipped="0" time="4.916" timestamp="2026-06-30T07:31:44" hostname="localhost">
  <properties>
    <property name="device" value="Pixel 6a - 16" />
    <property name="flavor" value="" />
    <property name="project" value=":elizaos-capacitor-contacts" />
  </properties>
  <testcase name="listContacts_readsBackAWrittenContact" classname="ai.eliza.plugins.contacts.ContactsReaderInstrumentedTest" time="4.347" />
</testsuite>