<?xml version='1.0' encoding='UTF-8' ?>
<testsuite name="ai.eliza.plugins.system.SystemDeviceReaderInstrumentedTest" tests="3" failures="0" errors="0" skipped="0" time="0.605" timestamp="2026-06-30T06:47:58" hostname="localhost">
  <properties>
    <property name="device" value="Pixel 6a - 16" />
    <property name="flavor" value="" />
    <property name="project" value=":elizaos-capacitor-system" />
  </properties>
  <testcase name="canWriteSettings_returnsLiveGrantState" classname="ai.eliza.plugins.system.SystemDeviceReaderInstrumentedTest" time="0.024" />
  <testcase name="readStatus_returnsRealPackageNameAndRoles" classname="ai.eliza.plugins.system.SystemDeviceReaderInstrumentedTest" time="0.003" />
  <testcase name="readDeviceSettings_returnsRealBrightnessAndEveryVolumeStream" classname="ai.eliza.plugins.system.SystemDeviceReaderInstrumentedTest" time="0.003" />
</testsuite>