<?xml version='1.0' encoding='UTF-8' ?>
<testsuite name="ai.eliza.plugins.wifi.WiFiStateReaderInstrumentedTest" tests="1" failures="0" errors="0" skipped="0" time="0.434" timestamp="2026-06-30T06:56:18" hostname="localhost">
  <properties>
    <property name="device" value="Pixel 6a - 16" />
    <property name="flavor" value="" />
    <property name="project" value=":elizaos-capacitor-wifi" />
  </properties>
  <testcase name="readWifiState_reflectsLiveRadioState" classname="ai.eliza.plugins.wifi.WiFiStateReaderInstrumentedTest" time="0.022" />
</testsuite>