Start testing: May 15 05:20 PDT
----------------------------------------------------------
1/5 Testing: wakeword_stub_smoke
1/5 Test: wakeword_stub_smoke
Command: "/home/shaw/milady/eliza/packages/native-plugins/wakeword-cpp/build/wakeword_stub_smoke"
Directory: /home/shaw/milady/eliza/packages/native-plugins/wakeword-cpp/build
"wakeword_stub_smoke" start time: May 15 05:20 PDT
Output:
----------------------------------------------------------
[wakeword-stub-smoke] failures=0
<end of output>
Test time =   0.00 sec
----------------------------------------------------------
Test Passed.
"wakeword_stub_smoke" end time: May 15 05:20 PDT
"wakeword_stub_smoke" time elapsed: 00:00:00
----------------------------------------------------------

2/5 Testing: wakeword_melspec_test
2/5 Test: wakeword_melspec_test
Command: "/home/shaw/milady/eliza/packages/native-plugins/wakeword-cpp/build/wakeword_melspec_test"
Directory: /home/shaw/milady/eliza/packages/native-plugins/wakeword-cpp/build
"wakeword_melspec_test" start time: May 15 05:20 PDT
Output:
----------------------------------------------------------
[wakeword-melspec-test] 1kHz: modal bin=11 centre≈1025.6 Hz OK
[wakeword-melspec-test] 4kHz: modal bin=24 centre≈4117.3 Hz OK
[wakeword-melspec-test] failures=0
<end of output>
Test time =   0.24 sec
----------------------------------------------------------
Test Passed.
"wakeword_melspec_test" end time: May 15 05:20 PDT
"wakeword_melspec_test" time elapsed: 00:00:00
----------------------------------------------------------

3/5 Testing: wakeword_window_test
3/5 Test: wakeword_window_test
Command: "/home/shaw/milady/eliza/packages/native-plugins/wakeword-cpp/build/wakeword_window_test"
Directory: /home/shaw/milady/eliza/packages/native-plugins/wakeword-cpp/build
"wakeword_window_test" start time: May 15 05:20 PDT
Output:
----------------------------------------------------------
[wakeword-window-test] failures=0
<end of output>
Test time =   0.00 sec
----------------------------------------------------------
Test Passed.
"wakeword_window_test" end time: May 15 05:20 PDT
"wakeword_window_test" time elapsed: 00:00:00
----------------------------------------------------------

4/5 Testing: wakeword_runtime_test
4/5 Test: wakeword_runtime_test
Command: "/home/shaw/milady/eliza/packages/native-plugins/wakeword-cpp/build/wakeword_runtime_test" "/home/shaw/milady/eliza/packages/native-plugins/wakeword-cpp/build/wakeword/hey-eliza.melspec.gguf" "/home/shaw/milady/eliza/packages/native-plugins/wakeword-cpp/build/wakeword/hey-eliza.embedding.gguf" "/home/shaw/milady/eliza/packages/native-plugins/wakeword-cpp/build/wakeword/hey-eliza.classifier.gguf"
Directory: /home/shaw/milady/eliza/packages/native-plugins/wakeword-cpp/build
"wakeword_runtime_test" start time: May 15 05:20 PDT
Output:
----------------------------------------------------------
[wakeword-runtime-test] silence score = 0.5208 (placeholder head; real head trained for hey-eliza will lower this)
[wakeword-runtime-test] chirp   score = 0.1304
[wakeword-runtime-test] failures=0
<end of output>
Test time =   4.17 sec
----------------------------------------------------------
Test Passed.
"wakeword_runtime_test" end time: May 15 05:20 PDT
"wakeword_runtime_test" time elapsed: 00:00:04
----------------------------------------------------------

5/5 Testing: wakeword_parity_test
5/5 Test: wakeword_parity_test
Command: "/usr/bin/python3" "/home/shaw/milady/eliza/packages/native-plugins/wakeword-cpp/test/wakeword_parity_test.py" "--libwakeword" "/home/shaw/milady/eliza/packages/native-plugins/wakeword-cpp/build/libwakeword.so" "--gguf-dir" "/home/shaw/milady/eliza/packages/native-plugins/wakeword-cpp/build/wakeword" "--phrase-slug" "hey-eliza" "--onnx-dir" "/home/shaw/milady/eliza/packages/native-plugins/wakeword-cpp/../../../artifacts/hf-eliza1-voice-consolidation/voice/wakeword" "--classifier-onnx" "hey-eliza-int8.onnx"
Directory: /home/shaw/milady/eliza/packages/native-plugins/wakeword-cpp/build
"wakeword_parity_test" start time: May 15 05:20 PDT
Output:
----------------------------------------------------------
[wakeword-parity] silence: peak |Δ| = 0.0240 at idx 25 (C=0.5208 ONNX=0.5448) [OK]
[wakeword-parity] chirp: peak |Δ| = 0.1358 at idx 48 (C=0.6463 ONNX=0.5105) [OK]
[wakeword-parity] noise: peak |Δ| = 0.0103 at idx 53 (C=0.4651 ONNX=0.4754) [OK]
[wakeword-parity] failures=0
<end of output>
Test time =  11.11 sec
----------------------------------------------------------
Test Passed.
"wakeword_parity_test" end time: May 15 05:20 PDT
"wakeword_parity_test" time elapsed: 00:00:11
----------------------------------------------------------

End testing: May 15 05:20 PDT
